<?xml version="1.0" encoding="UTF-8"?>
<testng-results skipped="0" failed="0" total="2" passed="2">
  <reporter-output>
  </reporter-output>
  <suite name="Test-Suite" duration-ms="803" started-at="2017-02-26T12:18:35Z" finished-at="2017-02-26T12:18:36Z">
    <groups>
    </groups>
    <test name="XML-JSON API Test Group" duration-ms="803" started-at="2017-02-26T12:18:35Z" finished-at="2017-02-26T12:18:36Z">
      <class name="api.test.Tc1MimeTypeXml">
        <test-method status="PASS" signature="testXmlApi(java.lang.String, java.lang.String, java.lang.String, java.lang.String, int, java.lang.String)[pri:0, instance:api.test.Tc1MimeTypeXml@69d9c55]" name="testXmlApi" duration-ms="494" started-at="2017-02-26T17:48:35Z" data-provider="apiXmlRequest" finished-at="2017-02-26T17:48:36Z">
          <params>
            <param index="0">
              <value>
                <![CDATA[http://localhost:9998/jsonfromjaxb/flights]]>
              </value>
            </param>
            <param index="1">
              <value>
                <![CDATA[xml]]>
              </value>
            </param>
            <param index="2">
              <value>
                <![CDATA[OK123]]>
              </value>
            </param>
            <param index="3">
              <value>
                <![CDATA[Czech Airlines]]>
              </value>
            </param>
            <param index="4">
              <value>
                <![CDATA[123]]>
              </value>
            </param>
            <param index="5">
              <value>
                <![CDATA[B737]]>
              </value>
            </param>
          </params>
          <reporter-output>
          </reporter-output>
        </test-method> <!-- testXmlApi -->
      </class> <!-- api.test.Tc1MimeTypeXml -->
      <class name="api.test.Tc2MimeTypeJson">
        <test-method status="PASS" signature="testJsonApi(java.lang.String, java.lang.String, java.lang.String, java.lang.String, java.lang.String)[pri:0, instance:api.test.Tc2MimeTypeJson@5afa04c]" name="testJsonApi" duration-ms="276" started-at="2017-02-26T17:48:36Z" data-provider="apiJsonRequest" finished-at="2017-02-26T17:48:36Z">
          <params>
            <param index="0">
              <value>
                <![CDATA[//sample-responses//country.json]]>
              </value>
            </param>
            <param index="1">
              <value>
                <![CDATA[json]]>
              </value>
            </param>
            <param index="2">
              <value>
                <![CDATA[India]]>
              </value>
            </param>
            <param index="3">
              <value>
                <![CDATA[IN]]>
              </value>
            </param>
            <param index="4">
              <value>
                <![CDATA[IND]]>
              </value>
            </param>
          </params>
          <reporter-output>
          </reporter-output>
        </test-method> <!-- testJsonApi -->
      </class> <!-- api.test.Tc2MimeTypeJson -->
    </test> <!-- XML-JSON API Test Group -->
  </suite> <!-- Test-Suite -->
</testng-results>
